
> clubhub@ build C:\clubhub
> turbo run build


   • Packages in scope: @repo/eslint-config, @repo/lib, @repo/typescript-config, @repo/ui, admin, docs, web
   • Running build in 7 packages
   • Remote caching disabled

admin:build: cache miss, executing d8961bc8c15116e4
web:build: cache miss, executing 59f2f076975188a1
docs:build: cache miss, executing 6c37f848bf8d4924
admin:build: 
admin:build: > admin@0.1.0 build C:\clubhub\apps\admin
admin:build: > next build
admin:build: 
web:build: 
web:build: > web@0.1.0 build C:\clubhub\apps\web
web:build: > next build
web:build: 
docs:build: 
docs:build: > docs@0.1.0 build C:\clubhub\apps\docs
docs:build: > next build
docs:build: 
web:build: ▲ Next.js 16.2.0 (Turbopack)
web:build: - Environments: .env.local
web:build: 
admin:build: ▲ Next.js 16.2.2 (Turbopack)
admin:build: - Environments: .env.local
admin:build: 
docs:build: ▲ Next.js 16.2.0 (Turbopack)
docs:build: 
web:build:   Creating an optimized production build ...
admin:build:   Creating an optimized production build ...
docs:build:   Creating an optimized production build ...
docs:build: ✓ Compiled successfully in 3.0s
docs:build:   Running TypeScript ...
admin:build: ✓ Compiled successfully in 4.3s
admin:build:   Running TypeScript ...
web:build: ✓ Compiled successfully in 4.8s
web:build:   Running TypeScript ...
docs:build:   Finished TypeScript in 3.5s ...
docs:build:   Collecting page data using 5 workers ...
docs:build:   Generating static pages using 5 workers (0/4) ...
web:build: Failed to type check.
web:build: 
web:build: ../../packages/lib/supabase/server.ts:2:25
web:build: Type error: Cannot find module 'next/headers' or its corresponding type declarations.
web:build: 
web:build:   [90m1 |[0m [36mimport[0m { createServerClient } [36mfrom[0m [32m'@supabase/ssr'[0m
web:build: [31m[1m>[0m [90m2 |[0m [36mimport[0m { cookies } [36mfrom[0m [32m'next/headers'[0m
web:build:   [90m  |[0m                         [31m[1m^[0m
web:build:   [90m3 |[0m [36mimport[0m [36mtype[0m { [33mCookieOptions[0m } [36mfrom[0m [32m'@supabase/ssr'[0m
web:build:   [90m4 |[0m
web:build:   [90m5 |[0m [36mexport[0m [36mconst[0m createServerSupabase = () => {
web:build: Next.js build worker exited with code: 1 and signal: null
web:build:  ELIFECYCLE  Command failed with exit code 1.
admin:build: Failed to type check.
admin:build: 
admin:build: .next/types/validator.ts:71:39
admin:build: Type error: File 'C:/clubhub/apps/admin/app/events/create/page.tsx' is not a module.
admin:build: 
admin:build:   [90m69 |[0m {
admin:build:   [90m70 |[0m   [36mtype[0m __IsExpected<[33mSpecific[0m [36mextends[0m [33mAppPageConfig[0m<[32m"/events/create"[0m>> = [33mSpecific[0m
admin:build: [31m[1m>[0m [90m71 |[0m   [36mconst[0m handler = {} [36mas[0m [36mtypeof[0m [36mimport[0m([32m"../../app/events/create/page.js"[0m)
admin:build:   [90m   |[0m                                       [31m[1m^[0m
admin:build:   [90m72 |[0m   [36mtype[0m __Check = __IsExpected<[36mtypeof[0m handler>
admin:build:   [90m73 |[0m   [90m// @ts-ignore[0m
admin:build:   [90m74 |[0m   [36mtype[0m __Unused = __Check
 ERROR  web#build: command (C:\clubhub\apps\web) C:\Users\krish\AppData\Local\pnpm\.tools\pnpm\9.0.0\bin\pnpm.CMD run build exited (1)

 Tasks:    0 successful, 3 total
Cached:    0 cached, 3 total
  Time:    9.909s 
Failed:    web#build

 ERROR  run failed: command  exited (1)
 ELIFECYCLE  Command failed with exit code 1.
